#
# There is insufficient memory for the Java Runtime Environment to continue.
# Native memory allocation (malloc) failed to allocate 1104672 bytes for Chunk::new
# Possible reasons:
#   The system is out of physical RAM or swap space
#   In 32 bit mode, the process size limit was hit
# Possible solutions:
#   Reduce memory load on the system
#   Increase physical memory or swap space
#   Check if swap backing store is full
#   Use 64 bit Java on a 64 bit OS
#   Decrease Java heap size (-Xmx/-Xms)
#   Decrease number of Java threads
#   Decrease Java thread stack sizes (-Xss)
#   Set larger code cache with -XX:ReservedCodeCacheSize=
# This output file may be truncated or incomplete.
#
#  Out of Memory Error (allocation.cpp:390), pid=8248, tid=0x000000000000019c
#
# JRE version: Java(TM) SE Runtime Environment (8.0_111-b14) (build 1.8.0_111-b14)
# Java VM: Java HotSpot(TM) 64-Bit Server VM (25.111-b14 mixed mode windows-amd64 compressed oops)
# Failed to write core dump. Minidumps are not enabled by default on client versions of Windows
#

---------------  T H R E A D  ---------------

Current thread (0x0000000017773800):  JavaThread "C2 CompilerThread0" daemon [_thread_in_native, id=412, stack(0x0000000018fd0000,0x00000000190d0000)]

Stack: [0x0000000018fd0000,0x00000000190d0000]
[error occurred during error reporting (printing stack bounds), id 0xc0000005]

Native frames: (J=compiled Java code, j=interpreted, Vv=VM code, C=native code)


Current CompileTask:
C2:1143579 11621       4       org.thymeleaf.standard.expression.ExpressionParsingUtil::decomposeSimpleExpressions (777 bytes)


---------------  P R O C E S S  ---------------

Java Threads: ( => current thread )
  0x000000001b643800 JavaThread "http-nio-8080-exec-10" daemon [_thread_blocked, id=3824, stack(0x00000000289d0000,0x0000000028ad0000)]
  0x000000001b63f800 JavaThread "http-nio-8080-exec-9" daemon [_thread_blocked, id=3236, stack(0x00000000288d0000,0x00000000289d0000)]
  0x000000001b642800 JavaThread "http-nio-8080-exec-8" daemon [_thread_blocked, id=7892, stack(0x0000000027800000,0x0000000027900000)]
  0x000000001b642000 JavaThread "http-nio-8080-exec-7" daemon [_thread_blocked, id=5376, stack(0x0000000027700000,0x0000000027800000)]
  0x000000001e11b000 JavaThread "http-nio-8080-exec-6" daemon [_thread_blocked, id=6284, stack(0x0000000027600000,0x0000000027700000)]
  0x000000001e11a000 JavaThread "http-nio-8080-exec-5" daemon [_thread_blocked, id=10112, stack(0x0000000026520000,0x0000000026620000)]
  0x000000001e119800 JavaThread "http-nio-8080-exec-4" daemon [_thread_blocked, id=11704, stack(0x0000000026420000,0x0000000026520000)]
  0x000000001e115800 JavaThread "http-nio-8080-exec-3" daemon [_thread_blocked, id=820, stack(0x00000000256a0000,0x00000000257a0000)]
  0x000000001e112000 JavaThread "http-nio-8080-exec-2" daemon [_thread_blocked, id=4824, stack(0x000000001de20000,0x000000001df20000)]
  0x000000001e110800 JavaThread "http-nio-8080-exec-1" daemon [_thread_blocked, id=9680, stack(0x000000001c150000,0x000000001c250000)]
  0x000000001e118800 JavaThread "http-nio-8080-AsyncTimeout" daemon [_thread_blocked, id=6584, stack(0x0000000026320000,0x0000000026420000)]
  0x000000001e117000 JavaThread "http-nio-8080-Acceptor-0" daemon [_thread_in_native, id=3636, stack(0x0000000026220000,0x0000000026320000)]
  0x000000001e115000 JavaThread "http-nio-8080-ClientPoller-1" daemon [_thread_in_native, id=9796, stack(0x0000000026120000,0x0000000026220000)]
  0x000000001e118000 JavaThread "http-nio-8080-ClientPoller-0" daemon [_thread_in_native, id=9552, stack(0x0000000025e20000,0x0000000025f20000)]
  0x000000001e114000 JavaThread "NioBlockingSelector.BlockPoller-8" daemon [_thread_in_native, id=7788, stack(0x0000000025d20000,0x0000000025e20000)]
  0x000000001e116800 JavaThread "Live Reload #7" daemon [_thread_blocked, id=11852, stack(0x0000000025c20000,0x0000000025d20000)]
  0x000000001e113800 JavaThread "File Watcher" daemon [_thread_blocked, id=10752, stack(0x0000000024c70000,0x0000000024d70000)]
  0x000000001e10f800 JavaThread "Tomcat JDBC Pool Cleaner[1984697014:1479870492495]" daemon [_thread_blocked, id=12904, stack(0x0000000024b70000,0x0000000024c70000)]
  0x000000001e111000 JavaThread "container-0" [_thread_blocked, id=6664, stack(0x00000000247e0000,0x00000000248e0000)]
  0x000000001e112800 JavaThread "ContainerBackgroundProcessor[StandardEngine[Tomcat]]" daemon [_thread_blocked, id=6280, stack(0x00000000232e0000,0x00000000233e0000)]
  0x000000001e10f000 JavaThread "localhost-startStop-1" daemon [_thread_blocked, id=11848, stack(0x0000000021df0000,0x0000000021ef0000)]
  0x000000001e10d800 JavaThread "Tomcat-startStop-1" daemon [_thread_blocked, id=10872, stack(0x000000001f120000,0x000000001f220000)]
  0x000000001b647000 JavaThread "Live Reload #2" daemon [_thread_blocked, id=2788, stack(0x000000001be50000,0x000000001bf50000)]
  0x000000001b648800 JavaThread "Live Reload #1" daemon [_thread_in_native, id=9428, stack(0x000000001bd50000,0x000000001be50000)]
  0x000000001cfda800 JavaThread "DestroyJavaVM" [_thread_blocked, id=4836, stack(0x00000000028e0000,0x00000000029e0000)]
  0x000000001cfd6000 JavaThread "Live Reload Server" daemon [_thread_in_native, id=6296, stack(0x0000000025140000,0x0000000025240000)]
  0x000000001fca5800 JavaThread "Abandoned connection cleanup thread" daemon [_thread_blocked, id=12860, stack(0x000000001f020000,0x000000001f120000)]
  0x0000000019c67000 JavaThread "RMI TCP Accept-0" daemon [_thread_in_native, id=7880, stack(0x000000001a4b0000,0x000000001a5b0000)]
  0x0000000019c3a800 JavaThread "RMI TCP Accept-63345" daemon [_thread_in_native, id=6028, stack(0x000000001a3b0000,0x000000001a4b0000)]
  0x0000000019be8800 JavaThread "RMI TCP Accept-0" daemon [_thread_in_native, id=12760, stack(0x000000001a2b0000,0x000000001a3b0000)]
  0x00000000190da000 JavaThread "Service Thread" daemon [_thread_blocked, id=4144, stack(0x00000000196d0000,0x00000000197d0000)]
  0x00000000190d3000 JavaThread "C1 CompilerThread2" daemon [_thread_blocked, id=12956, stack(0x00000000195d0000,0x00000000196d0000)]
  0x00000000190d0800 JavaThread "C2 CompilerThread1" daemon [_thread_blocked, id=8616, stack(0x00000000194d0000,0x00000000195d0000)]
=>0x0000000017773800 JavaThread "C2 CompilerThread0" daemon [_thread_in_native, id=412, stack(0x0000000018fd0000,0x00000000190d0000)]
  0x0000000017772800 JavaThread "Attach Listener" daemon [_thread_blocked, id=2224, stack(0x0000000018ed0000,0x0000000018fd0000)]
  0x0000000017771000 JavaThread "Signal Dispatcher" daemon [_thread_blocked, id=12536, stack(0x0000000018dd0000,0x0000000018ed0000)]
  0x0000000002b7d800 JavaThread "Finalizer" daemon [_thread_blocked, id=12652, stack(0x00000000189d0000,0x0000000018ad0000)]
  0x0000000002b73000 JavaThread "Reference Handler" daemon [_thread_blocked, id=3032, stack(0x00000000188d0000,0x00000000189d0000)]

Other Threads:
  0x0000000017737800 VMThread [stack: 0x00000000187d0000,0x00000000188d0000] [id=10948]
  0x0000000019c40000 WatcherThread [stack: 0x000000001a980000,0x000000001aa80000] [id=10960]

VM state:not at safepoint (normal execution)

VM Mutex/Monitor currently owned by a thread: None

Heap:
 PSYoungGen      total 376832K, used 332253K [0x00000000d5f00000, 0x00000000f0d80000, 0x0000000100000000)
  eden space 351232K, 94% used [0x00000000d5f00000,0x00000000ea377458,0x00000000eb600000)
  from space 25600K, 0% used [0x00000000eb600000,0x00000000eb600000,0x00000000ecf00000)
  to   space 25088K, 0% used [0x00000000ef500000,0x00000000ef500000,0x00000000f0d80000)
 ParOldGen       total 155136K, used 45950K [0x0000000081c00000, 0x000000008b380000, 0x00000000d5f00000)
  object space 155136K, 29% used [0x0000000081c00000,0x00000000848df920,0x000000008b380000)
 Metaspace       used 65134K, capacity 67094K, committed 67328K, reserved 1107968K
  class space    used 7956K, capacity 8372K, committed 8448K, reserved 1048576K

Card table byte_map: [0x0000000012000000,0x0000000012400000] byte_map_base: 0x0000000011bf2000

Marking Bits: (ParMarkBitMap*) 0x000000005765a6c0
 Begin Bits: [0x0000000012ab0000, 0x0000000014a40000)
 End Bits:   [0x0000000014a40000, 0x00000000169d0000)

Polling page: 0x0000000000fd0000

CodeCache: size=245760Kb used=36483Kb max_used=36494Kb free=209276Kb
 bounds [0x0000000002c40000, 0x0000000005020000, 0x0000000011c40000]
 total_blobs=10167 nmethods=9365 adapters=712
 compilation: enabled

Compilation events (10 events):
Event: 1142.987 Thread 0x00000000190d3000 11691       3       org.springframework.http.server.ServletServerHttpResponse$ServletResponseHttpHeaders::<init> (6 bytes)
Event: 1142.988 Thread 0x00000000190d3000 nmethod 11691 0x0000000004fe7250 code [0x0000000004fe73e0, 0x0000000004fe76f8]
Event: 1142.988 Thread 0x00000000190d3000 11692       3       org.springframework.http.server.ServletServerHttpResponse$ServletResponseHttpHeaders::<init> (10 bytes)
Event: 1142.988 Thread 0x00000000190d3000 nmethod 11692 0x0000000004ea6510 code [0x0000000004ea66a0, 0x0000000004ea6958]
Event: 1142.993 Thread 0x00000000190d3000 11693       3       org.apache.catalina.core.ApplicationContextFacade::getMimeType (33 bytes)
Event: 1142.994 Thread 0x00000000190d3000 nmethod 11693 0x0000000004fe9f90 code [0x0000000004fea100, 0x0000000004fea328]
Event: 1142.994 Thread 0x00000000190d3000 11694       3       org.apache.catalina.core.ApplicationContext::getMimeType (46 bytes)
Event: 1142.994 Thread 0x00000000190d3000 nmethod 11694 0x0000000004fe91d0 code [0x0000000004fe93a0, 0x0000000004fe9c98]
Event: 1143.232 Thread 0x00000000190d0800 11695       4       org.springframework.util.CollectionUtils::isEmpty (19 bytes)
Event: 1143.234 Thread 0x00000000190d0800 nmethod 11695 0x000000000300c2d0 code [0x000000000300c400, 0x000000000300c478]

GC Heap History (10 events):
Event: 660.645 GC heap before
{Heap before GC invocations=31 (full 8):
 PSYoungGen      total 369664K, used 70886K [0x00000000d5f00000, 0x00000000ef500000, 0x0000000100000000)
  eden space 352256K, 15% used [0x00000000d5f00000,0x00000000d93a7300,0x00000000eb700000)
  from space 17408K, 97% used [0x00000000ee400000,0x00000000ef4925d0,0x00000000ef500000)
  to   space 25088K, 0% used [0x00000000ec400000,0x00000000ec400000,0x00000000edc80000)
 ParOldGen       total 155136K, used 41278K [0x0000000081c00000, 0x000000008b380000, 0x00000000d5f00000)
  object space 155136K, 26% used [0x0000000081c00000,0x000000008444fb98,0x000000008b380000)
 Metaspace       used 63637K, capacity 65350K, committed 65664K, reserved 1105920K
  class space    used 7852K, capacity 8231K, committed 8320K, reserved 1048576K
Event: 660.656 GC heap after
Heap after GC invocations=31 (full 8):
 PSYoungGen      total 356352K, used 3713K [0x00000000d5f00000, 0x00000000ee700000, 0x0000000100000000)
  eden space 352256K, 0% used [0x00000000d5f00000,0x00000000d5f00000,0x00000000eb700000)
  from space 4096K, 90% used [0x00000000ec400000,0x00000000ec7a07d0,0x00000000ec800000)
  to   space 24576K, 0% used [0x00000000ecf00000,0x00000000ecf00000,0x00000000ee700000)
 ParOldGen       total 155136K, used 41286K [0x0000000081c00000, 0x000000008b380000, 0x00000000d5f00000)
  object space 155136K, 26% used [0x0000000081c00000,0x0000000084451b98,0x000000008b380000)
 Metaspace       used 63637K, capacity 65350K, committed 65664K, reserved 1105920K
  class space    used 7852K, capacity 8231K, committed 8320K, reserved 1048576K
}
Event: 660.656 GC heap before
{Heap before GC invocations=32 (full 9):
 PSYoungGen      total 356352K, used 3713K [0x00000000d5f00000, 0x00000000ee700000, 0x0000000100000000)
  eden space 352256K, 0% used [0x00000000d5f00000,0x00000000d5f00000,0x00000000eb700000)
  from space 4096K, 90% used [0x00000000ec400000,0x00000000ec7a07d0,0x00000000ec800000)
  to   space 24576K, 0% used [0x00000000ecf00000,0x00000000ecf00000,0x00000000ee700000)
 ParOldGen       total 155136K, used 41286K [0x0000000081c00000, 0x000000008b380000, 0x00000000d5f00000)
  object space 155136K, 26% used [0x0000000081c00000,0x0000000084451b98,0x000000008b380000)
 Metaspace       used 63637K, capacity 65350K, committed 65664K, reserved 1105920K
  class space    used 7852K, capacity 8231K, committed 8320K, reserved 1048576K
Event: 661.237 GC heap after
Heap after GC invocations=32 (full 9):
 PSYoungGen      total 356352K, used 0K [0x00000000d5f00000, 0x00000000ee700000, 0x0000000100000000)
  eden space 352256K, 0% used [0x00000000d5f00000,0x00000000d5f00000,0x00000000eb700000)
  from space 4096K, 0% used [0x00000000ec400000,0x00000000ec400000,0x00000000ec800000)
  to   space 24576K, 0% used [0x00000000ecf00000,0x00000000ecf00000,0x00000000ee700000)
 ParOldGen       total 155136K, used 43669K [0x0000000081c00000, 0x000000008b380000, 0x00000000d5f00000)
  object space 155136K, 28% used [0x0000000081c00000,0x00000000846a54f0,0x000000008b380000)
 Metaspace       used 63634K, capacity 65344K, committed 65664K, reserved 1105920K
  class space    used 7851K, capacity 8230K, committed 8320K, reserved 1048576K
}
Event: 728.192 GC heap before
{Heap before GC invocations=33 (full 9):
 PSYoungGen      total 356352K, used 352256K [0x00000000d5f00000, 0x00000000ee700000, 0x0000000100000000)
  eden space 352256K, 100% used [0x00000000d5f00000,0x00000000eb700000,0x00000000eb700000)
  from space 4096K, 0% used [0x00000000ec400000,0x00000000ec400000,0x00000000ec800000)
  to   space 24576K, 0% used [0x00000000ecf00000,0x00000000ecf00000,0x00000000ee700000)
 ParOldGen       total 155136K, used 43669K [0x0000000081c00000, 0x000000008b380000, 0x00000000d5f00000)
  object space 155136K, 28% used [0x0000000081c00000,0x00000000846a54f0,0x000000008b380000)
 Metaspace       used 64355K, capacity 66072K, committed 66176K, reserved 1107968K
  class space    used 7888K, capacity 8276K, committed 8320K, reserved 1048576K
Event: 728.214 GC heap after
Heap after GC invocations=33 (full 9):
 PSYoungGen      total 375808K, used 15467K [0x00000000d5f00000, 0x00000000f0e80000, 0x0000000100000000)
  eden space 351232K, 0% used [0x00000000d5f00000,0x00000000d5f00000,0x00000000eb600000)
  from space 24576K, 62% used [0x00000000ecf00000,0x00000000ede1acf0,0x00000000ee700000)
  to   space 25600K, 0% used [0x00000000eb600000,0x00000000eb600000,0x00000000ecf00000)
 ParOldGen       total 155136K, used 43677K [0x0000000081c00000, 0x000000008b380000, 0x00000000d5f00000)
  object space 155136K, 28% used [0x0000000081c00000,0x00000000846a74f0,0x000000008b380000)
 Metaspace       used 64355K, capacity 66072K, committed 66176K, reserved 1107968K
  class space    used 7888K, capacity 8276K, committed 8320K, reserved 1048576K
}
Event: 1138.276 GC heap before
{Heap before GC invocations=34 (full 9):
 PSYoungGen      total 375808K, used 125743K [0x00000000d5f00000, 0x00000000f0e80000, 0x0000000100000000)
  eden space 351232K, 31% used [0x00000000d5f00000,0x00000000dcab1248,0x00000000eb600000)
  from space 24576K, 62% used [0x00000000ecf00000,0x00000000ede1acf0,0x00000000ee700000)
  to   space 25600K, 0% used [0x00000000eb600000,0x00000000eb600000,0x00000000ecf00000)
 ParOldGen       total 155136K, used 43677K [0x0000000081c00000, 0x000000008b380000, 0x00000000d5f00000)
  object space 155136K, 28% used [0x0000000081c00000,0x00000000846a74f0,0x000000008b380000)
 Metaspace       used 64372K, capacity 66078K, committed 66176K, reserved 1107968K
  class space    used 7889K, capacity 8278K, committed 8320K, reserved 1048576K
Event: 1138.283 GC heap after
Heap after GC invocations=34 (full 9):
 PSYoungGen      total 376832K, used 3504K [0x00000000d5f00000, 0x00000000f0d80000, 0x0000000100000000)
  eden space 351232K, 0% used [0x00000000d5f00000,0x00000000d5f00000,0x00000000eb600000)
  from space 25600K, 13% used [0x00000000eb600000,0x00000000eb96c070,0x00000000ecf00000)
  to   space 25088K, 0% used [0x00000000ef500000,0x00000000ef500000,0x00000000f0d80000)
 ParOldGen       total 155136K, used 43677K [0x0000000081c00000, 0x000000008b380000, 0x00000000d5f00000)
  object space 155136K, 28% used [0x0000000081c00000,0x00000000846a74f0,0x000000008b380000)
 Metaspace       used 64372K, capacity 66078K, committed 66176K, reserved 1107968K
  class space    used 7889K, capacity 8278K, committed 8320K, reserved 1048576K
}
Event: 1138.283 GC heap before
{Heap before GC invocations=35 (full 10):
 PSYoungGen      total 376832K, used 3504K [0x00000000d5f00000, 0x00000000f0d80000, 0x0000000100000000)
  eden space 351232K, 0% used [0x00000000d5f00000,0x00000000d5f00000,0x00000000eb600000)
  from space 25600K, 13% used [0x00000000eb600000,0x00000000eb96c070,0x00000000ecf00000)
  to   space 25088K, 0% used [0x00000000ef500000,0x00000000ef500000,0x00000000f0d80000)
 ParOldGen       total 155136K, used 43677K [0x0000000081c00000, 0x000000008b380000, 0x00000000d5f00000)
  object space 155136K, 28% used [0x0000000081c00000,0x00000000846a74f0,0x000000008b380000)
 Metaspace       used 64372K, capacity 66078K, committed 66176K, reserved 1107968K
  class space    used 7889K, capacity 8278K, committed 8320K, reserved 1048576K
Event: 1138.700 GC heap after
Heap after GC invocations=35 (full 10):
 PSYoungGen      total 376832K, used 0K [0x00000000d5f00000, 0x00000000f0d80000, 0x0000000100000000)
  eden space 351232K, 0% used [0x00000000d5f00000,0x00000000d5f00000,0x00000000eb600000)
  from space 25600K, 0% used [0x00000000eb600000,0x00000000eb600000,0x00000000ecf00000)
  to   space 25088K, 0% used [0x00000000ef500000,0x00000000ef500000,0x00000000f0d80000)
 ParOldGen       total 155136K, used 45950K [0x0000000081c00000, 0x000000008b380000, 0x00000000d5f00000)
  object space 155136K, 29% used [0x0000000081c00000,0x00000000848df920,0x000000008b380000)
 Metaspace       used 64368K, capacity 66072K, committed 66176K, reserved 1107968K
  class space    used 7888K, capacity 8277K, committed 8320K, reserved 1048576K
}

Deoptimization events (10 events):
Event: 1139.516 Thread 0x000000001e110800 Uncommon trap: reason=array_check action=maybe_recompile pc=0x0000000004ea7654 method=org.springframework.core.type.classreading.RecursiveAnnotationArrayVisitor.visit(Ljava/lang/String;Ljava/lang/Object;)V @ 96
Event: 1139.855 Thread 0x000000001e110800 Uncommon trap: reason=class_check action=maybe_recompile pc=0x0000000004e28cc0 method=org.hibernate.validator.internal.metadata.raw.ConstrainedExecutable.isGetterMethod()Z @ 4
Event: 1139.855 Thread 0x000000001e110800 Uncommon trap: reason=class_check action=maybe_recompile pc=0x0000000004e28cc0 method=org.hibernate.validator.internal.metadata.raw.ConstrainedExecutable.isGetterMethod()Z @ 4
Event: 1139.868 Thread 0x000000001e110800 Uncommon trap: reason=class_check action=maybe_recompile pc=0x0000000004e28cc0 method=org.hibernate.validator.internal.metadata.raw.ConstrainedExecutable.isGetterMethod()Z @ 4
Event: 1139.870 Thread 0x000000001e110800 Uncommon trap: reason=class_check action=maybe_recompile pc=0x0000000004e28cc0 method=org.hibernate.validator.internal.metadata.raw.ConstrainedExecutable.isGetterMethod()Z @ 4
Event: 1140.478 Thread 0x000000001e110800 Uncommon trap: reason=null_check action=make_not_entrant pc=0x0000000002f1afac method=org.hibernate.validator.internal.util.ReflectionHelper.isIterable(Ljava/lang/reflect/Type;)Z @ 13
Event: 1140.556 Thread 0x000000001e110800 Uncommon trap: reason=null_check action=make_not_entrant pc=0x000000000367d128 method=java.lang.Class.toString()Ljava/lang/String; @ 8
Event: 1141.401 Thread 0x000000001e110800 Uncommon trap: reason=null_check action=make_not_entrant pc=0x00000000033f5e7c method=org.springframework.data.mapping.model.AbstractPersistentProperty.getGetter()Ljava/lang/reflect/Method; @ 31
Event: 1141.401 Thread 0x000000001e110800 Uncommon trap: reason=null_check action=make_not_entrant pc=0x0000000004f24a3c method=org.springframework.data.mapping.model.AbstractPersistentProperty.getSetter()Ljava/lang/reflect/Method; @ 33
Event: 1142.038 Thread 0x000000001e110800 Uncommon trap: reason=null_check action=make_not_entrant pc=0x0000000004fd1358 method=org.springframework.core.LocalVariableTableParameterNameDiscoverer.getParameterNames(Ljava/lang/reflect/Method;)[Ljava/lang/String; @ 20

Internal exceptions (10 events):
Event: 1141.618 Thread 0x000000001e110800 Exception <a 'java/lang/ClassNotFoundException': com/ifgoiano/supermecado/service/CadastroFornecedorServiceCustomizer> (0x00000000e7597c08) thrown at [C:\re\workspace\8-2-build-windows-amd64-cygwin\jdk8u111\7883\hotspot\src\share\vm\classfile\systemDictio
Event: 1141.620 Thread 0x000000001e110800 Exception <a 'java/lang/ClassNotFoundException': java/lang/ObjectCustomizer> (0x00000000e75c2ba8) thrown at [C:\re\workspace\8-2-build-windows-amd64-cygwin\jdk8u111\7883\hotspot\src\share\vm\classfile\systemDictionary.cpp, line 210]
Event: 1141.621 Thread 0x000000001e110800 Exception <a 'java/lang/ClassNotFoundException': com/ifgoiano/supermecado/controller/HomeControllerCustomizer> (0x00000000e75dbe28) thrown at [C:\re\workspace\8-2-build-windows-amd64-cygwin\jdk8u111\7883\hotspot\src\share\vm\classfile\systemDictionary.cpp
Event: 1141.623 Thread 0x000000001e110800 Exception <a 'java/lang/ClassNotFoundException': java/lang/ObjectCustomizer> (0x00000000e7600ba8) thrown at [C:\re\workspace\8-2-build-windows-amd64-cygwin\jdk8u111\7883\hotspot\src\share\vm\classfile\systemDictionary.cpp, line 210]
Event: 1141.624 Thread 0x000000001e110800 Exception <a 'java/lang/ClassNotFoundException': com/ifgoiano/supermecado/controller/ProdutoControllerCustomizer> (0x00000000e761a838) thrown at [C:\re\workspace\8-2-build-windows-amd64-cygwin\jdk8u111\7883\hotspot\src\share\vm\classfile\systemDictionary.
Event: 1141.627 Thread 0x000000001e110800 Exception <a 'java/lang/ClassNotFoundException': java/lang/ObjectCustomizer> (0x00000000e764e558) thrown at [C:\re\workspace\8-2-build-windows-amd64-cygwin\jdk8u111\7883\hotspot\src\share\vm\classfile\systemDictionary.cpp, line 210]
Event: 1141.628 Thread 0x000000001e110800 Exception <a 'java/lang/ClassNotFoundException': com/ifgoiano/supermecado/controller/SegurancaControllerCustomizer> (0x00000000e7668730) thrown at [C:\re\workspace\8-2-build-windows-amd64-cygwin\jdk8u111\7883\hotspot\src\share\vm\classfile\systemDictionar
Event: 1142.038 Thread 0x000000001e110800 Implicit null exception at 0x0000000004fd088f to 0x0000000004fd1319
Event: 1142.608 Thread 0x000000001e110800 Exception <a 'java/lang/ClassNotFoundException': java/lang/ObjectCustomizer> (0x00000000e9abfc78) thrown at [C:\re\workspace\8-2-build-windows-amd64-cygwin\jdk8u111\7883\hotspot\src\share\vm\classfile\systemDictionary.cpp, line 210]
Event: 1142.609 Thread 0x000000001e110800 Exception <a 'java/lang/ClassNotFoundException': com/ifgoiano/supermecado/model/CompraCustomizer> (0x00000000e9adaf08) thrown at [C:\re\workspace\8-2-build-windows-amd64-cygwin\jdk8u111\7883\hotspot\src\share\vm\classfile\systemDictionary.cpp, line 210]

Events (10 events):
Event: 1142.852 Thread 0x00000000190d3000 flushing nmethod 0x00000000038f2890
Event: 1142.854 Thread 0x000000001b643800 Thread added: 0x000000001b643800
Event: 1142.860 Thread 0x00000000190d3000 flushing nmethod 0x0000000003a011d0
Event: 1142.862 Thread 0x00000000190d3000 flushing nmethod 0x0000000003c59390
Event: 1142.862 Thread 0x00000000190d3000 flushing nmethod 0x0000000003c5b510
Event: 1142.862 Thread 0x00000000190d3000 flushing nmethod 0x0000000003c5be90
Event: 1142.862 Thread 0x00000000190d3000 flushing nmethod 0x0000000003c5ca90
Event: 1142.882 Thread 0x00000000190d3000 flushing nmethod 0x0000000004051d10
Event: 1143.229 Executing VM operation: BulkRevokeBias
Event: 1143.230 Executing VM operation: BulkRevokeBias done


Dynamic libraries:
0x00007ff6e60e0000 - 0x00007ff6e6117000 	C:\Program Files\Java\jre1.8.0_111\bin\javaw.exe
0x00007ffc93a10000 - 0x00007ffc93bba000 	C:\Windows\SYSTEM32\ntdll.dll
0x00007ffc93540000 - 0x00007ffc9367a000 	C:\Windows\system32\KERNEL32.DLL
0x00007ffc90e50000 - 0x00007ffc90f5f000 	C:\Windows\system32\KERNELBASE.dll
0x00007ffc8f9b0000 - 0x00007ffc8fa38000 	C:\Windows\system32\apphelp.dll
0x00007ffc86d70000 - 0x00007ffc86dbf000 	C:\Windows\AppPatch\AppPatch64\AcGenral.DLL
0x00007ffc92cf0000 - 0x00007ffc92d97000 	C:\Windows\system32\msvcrt.dll
0x00007ffc90c30000 - 0x00007ffc90c5b000 	C:\Windows\SYSTEM32\SspiCli.dll
0x00007ffc93130000 - 0x00007ffc93181000 	C:\Windows\system32\SHLWAPI.dll
0x00007ffc92fb0000 - 0x00007ffc93121000 	C:\Windows\system32\USER32.dll
0x00007ffc91510000 - 0x00007ffc91688000 	C:\Windows\system32\ole32.dll
0x00007ffc916b0000 - 0x00007ffc92ac7000 	C:\Windows\system32\SHELL32.dll
0x00007ffc90400000 - 0x00007ffc9041e000 	C:\Windows\SYSTEM32\USERENV.dll
0x00007ffc92b90000 - 0x00007ffc92c35000 	C:\Windows\system32\ADVAPI32.dll
0x00007ffc8a2b0000 - 0x00007ffc8a2cb000 	C:\Windows\SYSTEM32\MPR.dll
0x00007ffc93820000 - 0x00007ffc93956000 	C:\Windows\system32\RPCRT4.dll
0x00007ffc92e10000 - 0x00007ffc92e67000 	C:\Windows\SYSTEM32\sechost.dll
0x00007ffc931f0000 - 0x00007ffc933c6000 	C:\Windows\SYSTEM32\combase.dll
0x00007ffc933d0000 - 0x00007ffc93515000 	C:\Windows\system32\GDI32.dll
0x00007ffc90d80000 - 0x00007ffc90d94000 	C:\Windows\SYSTEM32\profapi.dll
0x00007ffc8f3e0000 - 0x00007ffc8f47f000 	C:\Windows\SYSTEM32\SHCORE.dll
0x00007ffc91290000 - 0x00007ffc912c4000 	C:\Windows\system32\IMM32.DLL
0x00007ffc92e70000 - 0x00007ffc92fa9000 	C:\Windows\system32\MSCTF.dll
0x00007ffc8eb70000 - 0x00007ffc8edca000 	C:\Windows\WinSxS\amd64_microsoft.windows.common-controls_6595b64144ccf1df_6.0.9600.17031_none_6242a4b3ecbb55a1\COMCTL32.dll
0x0000000056b90000 - 0x0000000056c62000 	C:\Program Files\Java\jre1.8.0_111\bin\msvcr100.dll
0x0000000056e40000 - 0x00000000576da000 	C:\Program Files\Java\jre1.8.0_111\bin\server\jvm.dll
0x00007ffc8d900000 - 0x00007ffc8d909000 	C:\Windows\SYSTEM32\WSOCK32.dll
0x00007ffc89ed0000 - 0x00007ffc89eef000 	C:\Windows\SYSTEM32\WINMM.dll
0x00007ffc898f0000 - 0x00007ffc898fa000 	C:\Windows\SYSTEM32\VERSION.dll
0x00007ffc92da0000 - 0x00007ffc92da7000 	C:\Windows\system32\PSAPI.DLL
0x00007ffc92db0000 - 0x00007ffc92e08000 	C:\Windows\system32\WS2_32.dll
0x00007ffc8a280000 - 0x00007ffc8a2aa000 	C:\Windows\SYSTEM32\WINMMBASE.dll
0x00007ffc916a0000 - 0x00007ffc916a9000 	C:\Windows\system32\NSI.dll
0x00007ffc90f60000 - 0x00007ffc90faa000 	C:\Windows\SYSTEM32\cfgmgr32.dll
0x00007ffc8fc00000 - 0x00007ffc8fc26000 	C:\Windows\SYSTEM32\DEVOBJ.dll
0x0000000056d50000 - 0x0000000056d5f000 	C:\Program Files\Java\jre1.8.0_111\bin\verify.dll
0x0000000056d20000 - 0x0000000056d49000 	C:\Program Files\Java\jre1.8.0_111\bin\java.dll
0x0000000056d00000 - 0x0000000056d16000 	C:\Program Files\Java\jre1.8.0_111\bin\zip.dll
0x0000000056b80000 - 0x0000000056b8d000 	C:\Program Files\Java\jre1.8.0_111\bin\management.dll
0x0000000056ce0000 - 0x0000000056cfa000 	C:\Program Files\Java\jre1.8.0_111\bin\net.dll
0x00007ffc90670000 - 0x00007ffc906c8000 	C:\Windows\system32\mswsock.dll
0x0000000056cc0000 - 0x0000000056cd1000 	C:\Program Files\Java\jre1.8.0_111\bin\nio.dll
0x00007ffc878f0000 - 0x00007ffc87904000 	C:\Windows\system32\napinsp.dll
0x00007ffc87910000 - 0x00007ffc87929000 	C:\Windows\system32\pnrpnsp.dll
0x00007ffc8c750000 - 0x00007ffc8c769000 	C:\Windows\system32\NLAapi.dll
0x00007ffc90420000 - 0x00007ffc904c3000 	C:\Windows\SYSTEM32\DNSAPI.dll
0x00007ffc87930000 - 0x00007ffc8793c000 	C:\Windows\System32\winrnr.dll
0x00007ffc88740000 - 0x00007ffc88753000 	C:\Windows\system32\wshbth.dll
0x00007ffc88f20000 - 0x00007ffc88f29000 	C:\Windows\System32\rasadhlp.dll
0x00007ffc8bbd0000 - 0x00007ffc8bbf9000 	C:\Windows\SYSTEM32\IPHLPAPI.DLL
0x00007ffc8bbb0000 - 0x00007ffc8bbba000 	C:\Windows\SYSTEM32\WINNSI.DLL
0x00007ffc8b6c0000 - 0x00007ffc8b728000 	C:\Windows\System32\fwpuclnt.dll
0x00007ffc90710000 - 0x00007ffc9072e000 	C:\Windows\SYSTEM32\CRYPTSP.dll
0x00007ffc902d0000 - 0x00007ffc90305000 	C:\Windows\system32\rsaenh.dll
0x00007ffc90940000 - 0x00007ffc90966000 	C:\Windows\SYSTEM32\bcrypt.dll
0x00007ffc90c60000 - 0x00007ffc90cc0000 	C:\Windows\system32\bcryptprimitives.dll
0x00007ffc90cc0000 - 0x00007ffc90cca000 	C:\Windows\SYSTEM32\CRYPTBASE.dll
0x00007ffc8b660000 - 0x00007ffc8b674000 	C:\Windows\SYSTEM32\dhcpcsvc6.DLL
0x00007ffc8b790000 - 0x00007ffc8b7a9000 	C:\Windows\SYSTEM32\dhcpcsvc.DLL

VM Arguments:
jvm_args: -Dcom.sun.management.jmxremote -Dcom.sun.management.jmxremote.port=63345 -Dcom.sun.management.jmxremote.authenticate=false -Dcom.sun.management.jmxremote.ssl=false -Dspring.liveBeansView.mbeanDomain -Dspring.application.admin.enabled=true -Dfile.encoding=UTF-8 
java_command: com.ifgoiano.supermecado.SistemaSupermecadoWebApplication --spring.output.ansi.enabled=always
java_class_path (initial): C:\Users\Usuario-PC\Sistema-Supermercado\sistemaSupermecadoWeb\target\classes;C:\Users\Usuario-PC\.m2\repository\org\springframework\boot\spring-boot-starter-data-jpa\1.4.1.RELEASE\spring-boot-starter-data-jpa-1.4.1.RELEASE.jar;C:\Users\Usuario-PC\.m2\repository\org\springframework\boot\spring-boot-starter\1.4.1.RELEASE\spring-boot-starter-1.4.1.RELEASE.jar;C:\Users\Usuario-PC\.m2\repository\org\springframework\boot\spring-boot-starter-logging\1.4.1.RELEASE\spring-boot-starter-logging-1.4.1.RELEASE.jar;C:\Users\Usuario-PC\.m2\repository\ch\qos\logback\logback-classic\1.1.7\logback-classic-1.1.7.jar;C:\Users\Usuario-PC\.m2\repository\ch\qos\logback\logback-core\1.1.7\logback-core-1.1.7.jar;C:\Users\Usuario-PC\.m2\repository\org\slf4j\jul-to-slf4j\1.7.21\jul-to-slf4j-1.7.21.jar;C:\Users\Usuario-PC\.m2\repository\org\slf4j\log4j-over-slf4j\1.7.21\log4j-over-slf4j-1.7.21.jar;C:\Users\Usuario-PC\.m2\repository\org\yaml\snakeyaml\1.17\snakeyaml-1.17.jar;C:\Users\Usuario-PC\.m2\repository\org\springframework\boot\spring-boot-starter-aop\1.4.1.RELEASE\spring-boot-starter-aop-1.4.1.RELEASE.jar;C:\Users\Usuario-PC\.m2\repository\org\aspectj\aspectjweaver\1.8.9\aspectjweaver-1.8.9.jar;C:\Users\Usuario-PC\.m2\repository\org\springframework\boot\spring-boot-starter-jdbc\1.4.1.RELEASE\spring-boot-starter-jdbc-1.4.1.RELEASE.jar;C:\Users\Usuario-PC\.m2\repository\org\apache\tomcat\tomcat-jdbc\8.5.5\tomcat-jdbc-8.5.5.jar;C:\Users\Usuario-PC\.m2\repository\org\apache\tomcat\tomcat-juli\8.5.5\tomcat-juli-8.5.5.jar;C:\Users\Usuario-PC\.m2\repository\org\springframework\spring-jdbc\4.3.3.RELEASE\spring-jdbc-4.3.3.RELEASE.jar;C:\Users\Usuario-PC\.m2\repository\org\hibernate\hibernate-core\5.0.11.Final\hibernate-core-5.0.11.Final.jar;C:\Users\Usuario-PC\.m2\repository\org\jboss\logging\jboss-logging\3.3.0.Final\jboss-logging-3.3.0.Final.jar;C:\Users\Usuario-PC\.m2\repository\org\hibernate\javax\persistence\hibernate-jpa-2.1-api\1.0.0.Final\hibernate-jpa-2.1-ap
Launcher Type: SUN_STANDARD

Environment Variables:
PATH=C:/Program Files/Java/jre1.8.0_111/bin/server;C:/Program Files/Java/jre1.8.0_111/bin;C:/Program Files/Java/jre1.8.0_111/lib/amd64;C:\ProgramData\Oracle\Java\javapath;C:\Windows\system32;C:\Windows;C:\Windows\System32\Wbem;C:\Windows\System32\WindowsPowerShell\v1.0\;C:\Program Files (x86)\Skype\Phone\;C:\Program Files\MySQL\MySQL Utilities 1.6\;C:\Windows\system32\config\systemprofile\.dnx\bin;C:\Program Files\Microsoft DNX\Dnvm\;C:\Program Files\Microsoft SQL Server\130\Tools\Binn\;C:\Program Files (x86)\Windows Kits\8.1\Windows Performance Toolkit\;C:\Users\Usuario-PC\AppData\Local\atom\bin;C:\New_Folder\spring-tool-suite-3.8.2.RELEASE-e4.6.1-win32-x86_64\sts-bundle\sts-3.8.2.RELEASE;
USERNAME=Usuario-PC
OS=Windows_NT
PROCESSOR_IDENTIFIER=Intel64 Family 6 Model 69 Stepping 1, GenuineIntel



---------------  S Y S T E M  ---------------

OS: Windows 8.1 , 64 bit Build 9600 (6.3.9600.17056)

CPU:total 4 (2 cores per cpu, 2 threads per core) family 6 model 69 stepping 1, cmov, cx8, fxsr, mmx, sse, sse2, sse3, ssse3, sse4.1, sse4.2, popcnt, avx, avx2, aes, clmul, erms, lzcnt, ht, tsc, tscinvbit, bmi1, bmi2

Memory: 4k page, physical 8270192k(1104664k free), swap 8270192k(5508k free)

vm_info: Java HotSpot(TM) 64-Bit Server VM (25.111-b14) for windows-amd64 JRE (1.8.0_111-b14), built on Sep 22 2016 19:24:05 by "java_re" with MS VC++ 10.0 (VS2010)

time: Wed Nov 23 01:08:15 2016
elapsed time: 1143 seconds (0d 0h 19m 3s)

